    0
    0
    2
    2
    2
    2
    2
    2
    2
    2
    2
    2
    2
    2
    2
    2
    2
    2
    2
    2
    2
    2
    2
    2
    2
    2
    2
    2
    2
    2
    2
    2
    2
    2
    2
    2
    2
    2
    2
    2
    2
    2
    2
    2
    2
    2
    2
    2
    2
    2
    2
    2
    2
    2
    2
    2
    2
    2
    2
    2
    2
    2
    2
    2
    2
    2
    2
    1
    2
    2
    1
    2
    2
    2
    2
    2
    2
    2
    1
    1
    1
    1
    1
    1
    1
    1
    1
    1
    1
    1
    1
    1
    1
  849
    1
    1
    1
    1
    1
 1047
    1
 1063
 1052
 1067
 1067
 1067
    1
 1084
    1
 1079
    1
    1
 1079
    1
    1
 1136
 1169
    1
 1169
    1
 1047
    1
 1228
    1
 1225
 1237
 1237
 1237
 1248
 1248
 1248
 1248
 1248
 1248
 1248
 1248
 1248
 1402
 1402
 1248
 1248
 1433
 1248
 1402
 1248
 1248
 1248
 1248
 1248
 1485
 1248
 1248
 1248
 1248
 1248
    1
 1248
 1248
 1248
 1248
 1248
 1248
 1485
 1248
 1248
 1638
 1248
 1638
 1677
 1485
 1248
 1719
 1248
 1485
 1485
 1248
  875
 1248
 1248
 1248
 1248
 1248
 1248
  875
14525
    2
    2
    2
  875
  875
16783
14525
30249
    2
14525
18362
    2
    2
    2
    2
    2
    2
    2
    2
    2
    2
    2
    2
    2
    2
    2
    2
    1
17554
 1248
30249
30249
30249
30249
 1248
 1248
 1248
 1248
31914
